# JRE version: Java(TM) SE Runtime Environment (15.0.1+9) (build 15.0.1+9-18)
# Java VM: Java HotSpot(TM) 64-Bit Server VM (15.0.1+9-18, mixed mode, sharing, tiered, compressed oops, parallel gc, windows-amd64)
GC Precious Log:
 CPUs: 4 total, 4 available
 Memory: 4001M
 Large Page Support: Disabled
 NUMA Support: Disabled
 Compressed Oops: Enabled (32-bit)
 Heap Min Capacity: 100M
 Heap Initial Capacity: 100M
 Heap Max Capacity: 1G
 Pre-touch: Disabled
 Parallel Workers: 4
Heap:
 PSYoungGen      total 30720K, used 9306K [0x00000000eab00000, 0x00000000ed080000, 0x0000000100000000)
  eden space 23040K, 8% used [0x00000000eab00000,0x00000000eacf6aa8,0x00000000ec180000)
  from space 7680K, 95% used [0x00000000ec400000,0x00000000ecb20010,0x00000000ecb80000)
  to   space 5120K, 0% used [0x00000000ecb80000,0x00000000ecb80000,0x00000000ed080000)
 ParOldGen       total 68608K, used 15719K [0x00000000c0000000, 0x00000000c4300000, 0x00000000eab00000)
  object space 68608K, 22% used [0x00000000c0000000,0x00000000c0f59e80,0x00000000c4300000)
 Metaspace       used 27374K, capacity 29130K, committed 29360K, reserved 1075200K
  class space    used 2663K, capacity 3325K, committed 3328K, reserved 1048576K
GC Heap History (20 events):
Event: 4.206 GC heap before
{Heap before GC invocations=1 (full 0):
 PSYoungGen      total 29696K, used 25600K [0x00000000eab00000, 0x00000000ecc00000, 0x0000000100000000)
  eden space 25600K, 100% used [0x00000000eab00000,0x00000000ec400000,0x00000000ec400000)
  from space 4096K, 0% used [0x00000000ec800000,0x00000000ec800000,0x00000000ecc00000)
  to   space 4096K, 0% used [0x00000000ec400000,0x00000000ec400000,0x00000000ec800000)
 ParOldGen       total 68608K, used 0K [0x00000000c0000000, 0x00000000c4300000, 0x00000000eab00000)
  object space 68608K, 0% used [0x00000000c0000000,0x00000000c0000000,0x00000000c4300000)
 Metaspace       used 7447K, capacity 7844K, committed 8064K, reserved 1056768K
  class space    used 720K, capacity 810K, committed 896K, reserved 1048576K
}
Event: 4.269 GC heap after
{Heap after GC invocations=1 (full 0):
 PSYoungGen      total 29696K, used 3959K [0x00000000eab00000, 0x00000000ecc00000, 0x0000000100000000)
  eden space 25600K, 0% used [0x00000000eab00000,0x00000000eab00000,0x00000000ec400000)
  from space 4096K, 96% used [0x00000000ec400000,0x00000000ec7dde38,0x00000000ec800000)
  to   space 4096K, 0% used [0x00000000ec800000,0x00000000ec800000,0x00000000ecc00000)
 ParOldGen       total 68608K, used 0K [0x00000000c0000000, 0x00000000c4300000, 0x00000000eab00000)
  object space 68608K, 0% used [0x00000000c0000000,0x00000000c0000000,0x00000000c4300000)
 Metaspace       used 7447K, capacity 7844K, committed 8064K, reserved 1056768K
  class space    used 720K, capacity 810K, committed 896K, reserved 1048576K
}
Event: 7.285 GC heap before
{Heap before GC invocations=2 (full 0):
 PSYoungGen      total 29696K, used 29559K [0x00000000eab00000, 0x00000000ecc00000, 0x0000000100000000)
  eden space 25600K, 100% used [0x00000000eab00000,0x00000000ec400000,0x00000000ec400000)
  from space 4096K, 96% used [0x00000000ec400000,0x00000000ec7dde38,0x00000000ec800000)
  to   space 4096K, 0% used [0x00000000ec800000,0x00000000ec800000,0x00000000ecc00000)
 ParOldGen       total 68608K, used 0K [0x00000000c0000000, 0x00000000c4300000, 0x00000000eab00000)
  object space 68608K, 0% used [0x00000000c0000000,0x00000000c0000000,0x00000000c4300000)
 Metaspace       used 19081K, capacity 20009K, committed 20352K, reserved 1067008K
  class space    used 1747K, capacity 2088K, committed 2176K, reserved 1048576K
}
Event: 7.301 GC heap after
{Heap after GC invocations=2 (full 0):
 PSYoungGen      total 29696K, used 4066K [0x00000000eab00000, 0x00000000ecc00000, 0x0000000100000000)
  eden space 25600K, 0% used [0x00000000eab00000,0x00000000eab00000,0x00000000ec400000)
  from space 4096K, 99% used [0x00000000ec800000,0x00000000ecbf8998,0x00000000ecc00000)
  to   space 4096K, 0% used [0x00000000ec400000,0x00000000ec400000,0x00000000ec800000)
 ParOldGen       total 68608K, used 2680K [0x00000000c0000000, 0x00000000c4300000, 0x00000000eab00000)
  object space 68608K, 3% used [0x00000000c0000000,0x00000000c029e0e0,0x00000000c4300000)
 Metaspace       used 19081K, capacity 20009K, committed 20352K, reserved 1067008K
  class space    used 1747K, capacity 2088K, committed 2176K, reserved 1048576K
}
Event: 7.750 GC heap before
{Heap before GC invocations=3 (full 0):
 PSYoungGen      total 29696K, used 14995K [0x00000000eab00000, 0x00000000ecc00000, 0x0000000100000000)
  eden space 25600K, 42% used [0x00000000eab00000,0x00000000eb5ac5a0,0x00000000ec400000)
  from space 4096K, 99% used [0x00000000ec800000,0x00000000ecbf8998,0x00000000ecc00000)
  to   space 4096K, 0% used [0x00000000ec400000,0x00000000ec400000,0x00000000ec800000)
 ParOldGen       total 68608K, used 2680K [0x00000000c0000000, 0x00000000c4300000, 0x00000000eab00000)
  object space 68608K, 3% used [0x00000000c0000000,0x00000000c029e0e0,0x00000000c4300000)
 Metaspace       used 20166K, capacity 21204K, committed 21296K, reserved 1069056K
  class space    used 1847K, capacity 2163K, committed 2176K, reserved 1048576K
}
Event: 7.760 GC heap after
{Heap after GC invocations=3 (full 0):
 PSYoungGen      total 29696K, used 4066K [0x00000000eab00000, 0x00000000ecc00000, 0x0000000100000000)
  eden space 25600K, 0% used [0x00000000eab00000,0x00000000eab00000,0x00000000ec400000)
  from space 4096K, 99% used [0x00000000ec400000,0x00000000ec7f89a0,0x00000000ec800000)
  to   space 4096K, 0% used [0x00000000ec800000,0x00000000ec800000,0x00000000ecc00000)
 ParOldGen       total 68608K, used 3136K [0x00000000c0000000, 0x00000000c4300000, 0x00000000eab00000)
  object space 68608K, 4% used [0x00000000c0000000,0x00000000c03100f0,0x00000000c4300000)
 Metaspace       used 20166K, capacity 21204K, committed 21296K, reserved 1069056K
  class space    used 1847K, capacity 2163K, committed 2176K, reserved 1048576K
}
Event: 7.760 GC heap before
{Heap before GC invocations=4 (full 1):
 PSYoungGen      total 29696K, used 4066K [0x00000000eab00000, 0x00000000ecc00000, 0x0000000100000000)
  eden space 25600K, 0% used [0x00000000eab00000,0x00000000eab00000,0x00000000ec400000)
  from space 4096K, 99% used [0x00000000ec400000,0x00000000ec7f89a0,0x00000000ec800000)
  to   space 4096K, 0% used [0x00000000ec800000,0x00000000ec800000,0x00000000ecc00000)
 ParOldGen       total 68608K, used 3136K [0x00000000c0000000, 0x00000000c4300000, 0x00000000eab00000)
  object space 68608K, 4% used [0x00000000c0000000,0x00000000c03100f0,0x00000000c4300000)
 Metaspace       used 20166K, capacity 21204K, committed 21296K, reserved 1069056K
  class space    used 1847K, capacity 2163K, committed 2176K, reserved 1048576K
}
Event: 7.801 GC heap after
{Heap after GC invocations=4 (full 1):
 PSYoungGen      total 29696K, used 0K [0x00000000eab00000, 0x00000000ecc00000, 0x0000000100000000)
  eden space 25600K, 0% used [0x00000000eab00000,0x00000000eab00000,0x00000000ec400000)
  from space 4096K, 0% used [0x00000000ec400000,0x00000000ec400000,0x00000000ec800000)
  to   space 4096K, 0% used [0x00000000ec800000,0x00000000ec800000,0x00000000ecc00000)
 ParOldGen       total 68608K, used 7050K [0x00000000c0000000, 0x00000000c4300000, 0x00000000eab00000)
  object space 68608K, 10% used [0x00000000c0000000,0x00000000c06e28c0,0x00000000c4300000)
 Metaspace       used 20166K, capacity 21204K, committed 21296K, reserved 1069056K
  class space    used 1847K, capacity 2163K, committed 2176K, reserved 1048576K
}
Event: 10.439 GC heap before
{Heap before GC invocations=5 (full 1):
 PSYoungGen      total 29696K, used 25599K [0x00000000eab00000, 0x00000000ecc00000, 0x0000000100000000)
  eden space 25600K, 99% used [0x00000000eab00000,0x00000000ec3ffff8,0x00000000ec400000)
  from space 4096K, 0% used [0x00000000ec400000,0x00000000ec400000,0x00000000ec800000)
  to   space 4096K, 0% used [0x00000000ec800000,0x00000000ec800000,0x00000000ecc00000)
 ParOldGen       total 68608K, used 7050K [0x00000000c0000000, 0x00000000c4300000, 0x00000000eab00000)
  object space 68608K, 10% used [0x00000000c0000000,0x00000000c06e28c0,0x00000000c4300000)
 Metaspace       used 26640K, capacity 28376K, committed 28592K, reserved 1075200K
  class space    used 2590K, capacity 3219K, committed 3328K, reserved 1048576K
}
Event: 10.444 GC heap after
{Heap after GC invocations=5 (full 1):
 PSYoungGen      total 29696K, used 3132K [0x00000000eab00000, 0x00000000ecc00000, 0x0000000100000000)
  eden space 25600K, 0% used [0x00000000eab00000,0x00000000eab00000,0x00000000ec400000)
  from space 4096K, 76% used [0x00000000ec800000,0x00000000ecb0f310,0x00000000ecc00000)
  to   space 4096K, 0% used [0x00000000ec400000,0x00000000ec400000,0x00000000ec800000)
 ParOldGen       total 68608K, used 7058K [0x00000000c0000000, 0x00000000c4300000, 0x00000000eab00000)
  object space 68608K, 10% used [0x00000000c0000000,0x00000000c06e48c0,0x00000000c4300000)
 Metaspace       used 26640K, capacity 28376K, committed 28592K, reserved 1075200K
  class space    used 2590K, capacity 3219K, committed 3328K, reserved 1048576K
}
Event: 10.915 GC heap before
{Heap before GC invocations=6 (full 1):
 PSYoungGen      total 29696K, used 28732K [0x00000000eab00000, 0x00000000ecc00000, 0x0000000100000000)
  eden space 25600K, 100% used [0x00000000eab00000,0x00000000ec400000,0x00000000ec400000)
  from space 4096K, 76% used [0x00000000ec800000,0x00000000ecb0f310,0x00000000ecc00000)
  to   space 4096K, 0% used [0x00000000ec400000,0x00000000ec400000,0x00000000ec800000)
 ParOldGen       total 68608K, used 7058K [0x00000000c0000000, 0x00000000c4300000, 0x00000000eab00000)
  object space 68608K, 10% used [0x00000000c0000000,0x00000000c06e48c0,0x00000000c4300000)
 Metaspace       used 26839K, capacity 28571K, committed 28848K, reserved 1075200K
  class space    used 2610K, capacity 3220K, committed 3328K, reserved 1048576K
}
Event: 10.924 GC heap after
{Heap after GC invocations=6 (full 1):
 PSYoungGen      total 29184K, used 4074K [0x00000000eab00000, 0x00000000ecf80000, 0x0000000100000000)
  eden space 25088K, 0% used [0x00000000eab00000,0x00000000eab00000,0x00000000ec380000)
  from space 4096K, 99% used [0x00000000ec400000,0x00000000ec7fa800,0x00000000ec800000)
  to   space 6144K, 0% used [0x00000000ec980000,0x00000000ec980000,0x00000000ecf80000)
 ParOldGen       total 68608K, used 8354K [0x00000000c0000000, 0x00000000c4300000, 0x00000000eab00000)
  object space 68608K, 12% used [0x00000000c0000000,0x00000000c08288e0,0x00000000c4300000)
 Metaspace       used 26839K, capacity 28571K, committed 28848K, reserved 1075200K
  class space    used 2610K, capacity 3220K, committed 3328K, reserved 1048576K
}
Event: 11.177 GC heap before
{Heap before GC invocations=7 (full 1):
 PSYoungGen      total 29184K, used 29162K [0x00000000eab00000, 0x00000000ecf80000, 0x0000000100000000)
  eden space 25088K, 100% used [0x00000000eab00000,0x00000000ec380000,0x00000000ec380000)
  from space 4096K, 99% used [0x00000000ec400000,0x00000000ec7fa800,0x00000000ec800000)
  to   space 6144K, 0% used [0x00000000ec980000,0x00000000ec980000,0x00000000ecf80000)
 ParOldGen       total 68608K, used 8354K [0x00000000c0000000, 0x00000000c4300000, 0x00000000eab00000)
  object space 68608K, 12% used [0x00000000c0000000,0x00000000c08288e0,0x00000000c4300000)
 Metaspace       used 26870K, capacity 28571K, committed 28848K, reserved 1075200K
  class space    used 2611K, capacity 3220K, committed 3328K, reserved 1048576K
}
Event: 11.188 GC heap after
{Heap after GC invocations=7 (full 1):
 PSYoungGen      total 30720K, used 6141K [0x00000000eab00000, 0x00000000ed000000, 0x0000000100000000)
  eden space 24576K, 0% used [0x00000000eab00000,0x00000000eab00000,0x00000000ec300000)
  from space 6144K, 99% used [0x00000000ec980000,0x00000000ecf7f580,0x00000000ecf80000)
  to   space 6656K, 0% used [0x00000000ec300000,0x00000000ec300000,0x00000000ec980000)
 ParOldGen       total 68608K, used 8570K [0x00000000c0000000, 0x00000000c4300000, 0x00000000eab00000)
  object space 68608K, 12% used [0x00000000c0000000,0x00000000c085e8f0,0x00000000c4300000)
 Metaspace       used 26870K, capacity 28571K, committed 28848K, reserved 1075200K
  class space    used 2611K, capacity 3220K, committed 3328K, reserved 1048576K
}
Event: 11.392 GC heap before
{Heap before GC invocations=8 (full 1):
 PSYoungGen      total 30720K, used 30717K [0x00000000eab00000, 0x00000000ed000000, 0x0000000100000000)
  eden space 24576K, 100% used [0x00000000eab00000,0x00000000ec300000,0x00000000ec300000)
  from space 6144K, 99% used [0x00000000ec980000,0x00000000ecf7f580,0x00000000ecf80000)
  to   space 6656K, 0% used [0x00000000ec300000,0x00000000ec300000,0x00000000ec980000)
 ParOldGen       total 68608K, used 8570K [0x00000000c0000000, 0x00000000c4300000, 0x00000000eab00000)
  object space 68608K, 12% used [0x00000000c0000000,0x00000000c085e8f0,0x00000000c4300000)
 Metaspace       used 26922K, capacity 28571K, committed 28848K, reserved 1075200K
  class space    used 2623K, capacity 3220K, committed 3328K, reserved 1048576K
}
Event: 11.408 GC heap after
{Heap after GC invocations=8 (full 1):
 PSYoungGen      total 30720K, used 6643K [0x00000000eab00000, 0x00000000ed580000, 0x0000000100000000)
  eden space 24064K, 0% used [0x00000000eab00000,0x00000000eab00000,0x00000000ec280000)
  from space 6656K, 99% used [0x00000000ec300000,0x00000000ec97cd50,0x00000000ec980000)
  to   space 9728K, 0% used [0x00000000ecc00000,0x00000000ecc00000,0x00000000ed580000)
 ParOldGen       total 68608K, used 10836K [0x00000000c0000000, 0x00000000c4300000, 0x00000000eab00000)
  object space 68608K, 15% used [0x00000000c0000000,0x00000000c0a952d0,0x00000000c4300000)
 Metaspace       used 26922K, capacity 28571K, committed 28848K, reserved 1075200K
  class space    used 2623K, capacity 3220K, committed 3328K, reserved 1048576K
}
Event: 11.638 GC heap before
{Heap before GC invocations=9 (full 1):
 PSYoungGen      total 30720K, used 30707K [0x00000000eab00000, 0x00000000ed580000, 0x0000000100000000)
  eden space 24064K, 100% used [0x00000000eab00000,0x00000000ec280000,0x00000000ec280000)
  from space 6656K, 99% used [0x00000000ec300000,0x00000000ec97cd50,0x00000000ec980000)
  to   space 9728K, 0% used [0x00000000ecc00000,0x00000000ecc00000,0x00000000ed580000)
 ParOldGen       total 68608K, used 10836K [0x00000000c0000000, 0x00000000c4300000, 0x00000000eab00000)
  object space 68608K, 15% used [0x00000000c0000000,0x00000000c0a952d0,0x00000000c4300000)
 Metaspace       used 26924K, capacity 28571K, committed 28848K, reserved 1075200K
  class space    used 2623K, capacity 3220K, committed 3328K, reserved 1048576K
}
Event: 11.650 GC heap after
{Heap after GC invocations=9 (full 1):
 PSYoungGen      total 31744K, used 7744K [0x00000000eab00000, 0x00000000ed400000, 0x0000000100000000)
  eden space 23552K, 0% used [0x00000000eab00000,0x00000000eab00000,0x00000000ec200000)
  from space 8192K, 94% used [0x00000000ecc00000,0x00000000ed390010,0x00000000ed400000)
  to   space 8192K, 0% used [0x00000000ec400000,0x00000000ec400000,0x00000000ecc00000)
 ParOldGen       total 68608K, used 12335K [0x00000000c0000000, 0x00000000c4300000, 0x00000000eab00000)
  object space 68608K, 17% used [0x00000000c0000000,0x00000000c0c0bc40,0x00000000c4300000)
 Metaspace       used 26924K, capacity 28571K, committed 28848K, reserved 1075200K
  class space    used 2623K, capacity 3220K, committed 3328K, reserved 1048576K
}
Event: 11.857 GC heap before
{Heap before GC invocations=10 (full 1):
 PSYoungGen      total 31744K, used 31296K [0x00000000eab00000, 0x00000000ed400000, 0x0000000100000000)
  eden space 23552K, 100% used [0x00000000eab00000,0x00000000ec200000,0x00000000ec200000)
  from space 8192K, 94% used [0x00000000ecc00000,0x00000000ed390010,0x00000000ed400000)
  to   space 8192K, 0% used [0x00000000ec400000,0x00000000ec400000,0x00000000ecc00000)
 ParOldGen       total 68608K, used 12335K [0x00000000c0000000, 0x00000000c4300000, 0x00000000eab00000)
  object space 68608K, 17% used [0x00000000c0000000,0x00000000c0c0bc40,0x00000000c4300000)
 Metaspace       used 26990K, capacity 28699K, committed 28848K, reserved 1075200K
  class space    used 2626K, capacity 3220K, committed 3328K, reserved 1048576K
}
Event: 11.873 GC heap after
{Heap after GC invocations=10 (full 1):
 PSYoungGen      total 30720K, used 7296K [0x00000000eab00000, 0x00000000ed080000, 0x0000000100000000)
  eden space 23040K, 0% used [0x00000000eab00000,0x00000000eab00000,0x00000000ec180000)
  from space 7680K, 95% used [0x00000000ec400000,0x00000000ecb20010,0x00000000ecb80000)
  to   space 5120K, 0% used [0x00000000ecb80000,0x00000000ecb80000,0x00000000ed080000)
 ParOldGen       total 68608K, used 15719K [0x00000000c0000000, 0x00000000c4300000, 0x00000000eab00000)
  object space 68608K, 22% used [0x00000000c0000000,0x00000000c0f59e80,0x00000000c4300000)
 Metaspace       used 26990K, capacity 28699K, committed 28848K, reserved 1075200K
  class space    used 2626K, capacity 3220K, committed 3328K, reserved 1048576K
}

